   1              	 .syntax unified
   2              	 .cpu cortex-m4
   3              	 .eabi_attribute 27,3
   4              	 .fpu fpv4-sp-d16
   5              	 .eabi_attribute 20,1
   6              	 .eabi_attribute 21,1
   7              	 .eabi_attribute 23,3
   8              	 .eabi_attribute 24,1
   9              	 .eabi_attribute 25,1
  10              	 .eabi_attribute 26,1
  11              	 .eabi_attribute 30,6
  12              	 .eabi_attribute 34,1
  13              	 .eabi_attribute 18,4
  14              	 .thumb
  15              	 .file "DAVE.c"
  16              	 .text
  17              	.Ltext0:
  18              	 .cfi_sections .debug_frame
  19              	 .section .text.DAVE_Init,"ax",%progbits
  20              	 .align 2
  21              	 .global DAVE_Init
  22              	 .thumb
  23              	 .thumb_func
  25              	DAVE_Init:
  26              	.LFB433:
  27              	 .file 1 "../Dave/Generated/DAVE.c"
   1:../Dave/Generated/DAVE.c **** 
   2:../Dave/Generated/DAVE.c **** /**
   3:../Dave/Generated/DAVE.c ****  * @cond
   4:../Dave/Generated/DAVE.c ****  **************************************************************************************************
   5:../Dave/Generated/DAVE.c ****  *
   6:../Dave/Generated/DAVE.c ****  * Copyright (c) 2015-2018, Infineon Technologies AG
   7:../Dave/Generated/DAVE.c ****  * All rights reserved.
   8:../Dave/Generated/DAVE.c ****  *
   9:../Dave/Generated/DAVE.c ****  * Redistribution and use in source and binary forms, with or without modification,are permitted pr
  10:../Dave/Generated/DAVE.c ****  * following conditions are met:
  11:../Dave/Generated/DAVE.c ****  *
  12:../Dave/Generated/DAVE.c ****  *   Redistributions of source code must retain the above copyright notice, this list of conditions
  13:../Dave/Generated/DAVE.c ****  *   disclaimer.
  14:../Dave/Generated/DAVE.c ****  *
  15:../Dave/Generated/DAVE.c ****  *   Redistributions in binary form must reproduce the above copyright notice, this list of conditi
  16:../Dave/Generated/DAVE.c ****  *   following disclaimer in the documentation and/or other materials provided with the distributio
  17:../Dave/Generated/DAVE.c ****  *
  18:../Dave/Generated/DAVE.c ****  *   Neither the name of the copyright holders nor the names of its contributors may be used to end
  19:../Dave/Generated/DAVE.c ****  *   products derived from this software without specific prior written permission.
  20:../Dave/Generated/DAVE.c ****  *
  21:../Dave/Generated/DAVE.c ****  * THIS SOFTWARE IS PROVIDED BY THE COPYRIGHT HOLDERS AND CONTRIBUTORS "AS IS" AND ANY EXPRESS OR I
  22:../Dave/Generated/DAVE.c ****  * INCLUDING, BUT NOT LIMITED TO, THE IMPLIED WARRANTIES OF MERCHANTABILITY AND FITNESS FOR A PARTI
  23:../Dave/Generated/DAVE.c ****  * DISCLAIMED. IN NO EVENT SHALL THE COPYRIGHT HOLDER OR CONTRIBUTORS BE LIABLE  FOR ANY DIRECT, IN
  24:../Dave/Generated/DAVE.c ****  * SPECIAL, EXEMPLARY, OR CONSEQUENTIAL DAMAGES (INCLUDING, BUT NOT LIMITED TO, PROCUREMENT OF SUBS
  25:../Dave/Generated/DAVE.c ****  * SERVICES; LOSS OF USE, DATA, OR PROFITS; OR BUSINESS INTERRUPTION) HOWEVER CAUSED AND ON ANY THE
  26:../Dave/Generated/DAVE.c ****  * WHETHER IN CONTRACT, STRICT LIABILITY,OR TORT (INCLUDING NEGLIGENCE OR OTHERWISE) ARISING IN ANY
  27:../Dave/Generated/DAVE.c ****  * USE OF THIS SOFTWARE, EVEN IF ADVISED OF THE POSSIBILITY OF SUCH DAMAGE.
  28:../Dave/Generated/DAVE.c ****  *
  29:../Dave/Generated/DAVE.c ****  * To improve the quality of the software, users are encouraged to share modifications, enhancement
  30:../Dave/Generated/DAVE.c ****  * with Infineon Technologies AG (dave@infineon.com).
  31:../Dave/Generated/DAVE.c ****  **************************************************************************************************
  32:../Dave/Generated/DAVE.c ****  *
  33:../Dave/Generated/DAVE.c ****  * Change History
  34:../Dave/Generated/DAVE.c ****  * --------------
  35:../Dave/Generated/DAVE.c ****  *
  36:../Dave/Generated/DAVE.c ****  * 2014-06-16:
  37:../Dave/Generated/DAVE.c ****  *     - Initial version<br>
  38:../Dave/Generated/DAVE.c ****  * 2015-08-28:
  39:../Dave/Generated/DAVE.c ****  *     - Added CLOCK_XMC1_Init conditionally
  40:../Dave/Generated/DAVE.c ****  * 2018-08-08:
  41:../Dave/Generated/DAVE.c ****  *     - Add creation of projectData.bak file
  42:../Dave/Generated/DAVE.c ****  *
  43:../Dave/Generated/DAVE.c ****  * @endcond
  44:../Dave/Generated/DAVE.c ****  *
  45:../Dave/Generated/DAVE.c ****  */
  46:../Dave/Generated/DAVE.c **** 
  47:../Dave/Generated/DAVE.c **** /**************************************************************************************************
  48:../Dave/Generated/DAVE.c ****  * HEADER FILES
  49:../Dave/Generated/DAVE.c ****  **************************************************************************************************
  50:../Dave/Generated/DAVE.c **** #include "DAVE.h"
  51:../Dave/Generated/DAVE.c **** 
  52:../Dave/Generated/DAVE.c **** /**************************************************************************************************
  53:../Dave/Generated/DAVE.c ****  * API IMPLEMENTATION
  54:../Dave/Generated/DAVE.c ****  **************************************************************************************************
  55:../Dave/Generated/DAVE.c **** 
  56:../Dave/Generated/DAVE.c **** /*******************************************************************************
  57:../Dave/Generated/DAVE.c ****  * @brief This function initializes the APPs Init Functions.
  58:../Dave/Generated/DAVE.c ****  *
  59:../Dave/Generated/DAVE.c ****  * @param[in]  None
  60:../Dave/Generated/DAVE.c ****  *
  61:../Dave/Generated/DAVE.c ****  * @return  DAVE_STATUS_t <BR>
  62:../Dave/Generated/DAVE.c ****  ******************************************************************************/
  63:../Dave/Generated/DAVE.c **** DAVE_STATUS_t DAVE_Init(void)
  64:../Dave/Generated/DAVE.c **** {
  28              	 .loc 1 64 0
  29              	 .cfi_startproc
  30              	 
  31              	 
  32 0000 80B5     	 push {r7,lr}
  33              	.LCFI0:
  34              	 .cfi_def_cfa_offset 8
  35              	 .cfi_offset 7,-8
  36              	 .cfi_offset 14,-4
  37 0002 82B0     	 sub sp,sp,#8
  38              	.LCFI1:
  39              	 .cfi_def_cfa_offset 16
  40 0004 00AF     	 add r7,sp,#0
  41              	.LCFI2:
  42              	 .cfi_def_cfa_register 7
  65:../Dave/Generated/DAVE.c ****   DAVE_STATUS_t init_status;
  66:../Dave/Generated/DAVE.c ****   
  67:../Dave/Generated/DAVE.c ****   init_status = DAVE_STATUS_SUCCESS;
  43              	 .loc 1 67 0
  44 0006 0023     	 movs r3,#0
  45 0008 FB71     	 strb r3,[r7,#7]
  68:../Dave/Generated/DAVE.c ****      /** @Initialization of APPs Init Functions */
  69:../Dave/Generated/DAVE.c ****      init_status = (DAVE_STATUS_t)CLOCK_XMC4_Init(&CLOCK_XMC4_0);
  46              	 .loc 1 69 0
  47 000a 2148     	 ldr r0,.L10
  48 000c FFF7FEFF 	 bl CLOCK_XMC4_Init
  49 0010 0346     	 mov r3,r0
  50 0012 FB71     	 strb r3,[r7,#7]
  70:../Dave/Generated/DAVE.c **** 
  71:../Dave/Generated/DAVE.c ****   if (init_status == DAVE_STATUS_SUCCESS)
  51              	 .loc 1 71 0
  52 0014 FB79     	 ldrb r3,[r7,#7]
  53 0016 002B     	 cmp r3,#0
  54 0018 04D1     	 bne .L2
  72:../Dave/Generated/DAVE.c ****   {
  73:../Dave/Generated/DAVE.c **** 	 /**  Initialization of INTERRUPT APP instance INTERRUPT_TIMER */
  74:../Dave/Generated/DAVE.c **** 	 init_status = (DAVE_STATUS_t)INTERRUPT_Init(&INTERRUPT_TIMER); 
  55              	 .loc 1 74 0
  56 001a 1E48     	 ldr r0,.L10+4
  57 001c FFF7FEFF 	 bl INTERRUPT_Init
  58 0020 0346     	 mov r3,r0
  59 0022 FB71     	 strb r3,[r7,#7]
  60              	.L2:
  75:../Dave/Generated/DAVE.c ****    } 
  76:../Dave/Generated/DAVE.c ****   if (init_status == DAVE_STATUS_SUCCESS)
  61              	 .loc 1 76 0
  62 0024 FB79     	 ldrb r3,[r7,#7]
  63 0026 002B     	 cmp r3,#0
  64 0028 04D1     	 bne .L3
  77:../Dave/Generated/DAVE.c ****   {
  78:../Dave/Generated/DAVE.c **** 	 /**  Initialization of TIMER APP instance TIMER_0 */
  79:../Dave/Generated/DAVE.c **** 	 init_status = (DAVE_STATUS_t)TIMER_Init(&TIMER_0); 
  65              	 .loc 1 79 0
  66 002a 1B48     	 ldr r0,.L10+8
  67 002c FFF7FEFF 	 bl TIMER_Init
  68 0030 0346     	 mov r3,r0
  69 0032 FB71     	 strb r3,[r7,#7]
  70              	.L3:
  80:../Dave/Generated/DAVE.c ****    } 
  81:../Dave/Generated/DAVE.c ****   if (init_status == DAVE_STATUS_SUCCESS)
  71              	 .loc 1 81 0
  72 0034 FB79     	 ldrb r3,[r7,#7]
  73 0036 002B     	 cmp r3,#0
  74 0038 04D1     	 bne .L4
  82:../Dave/Generated/DAVE.c ****   {
  83:../Dave/Generated/DAVE.c **** 	 /**  Initialization of CAN_NODE APP instance CAN_OBDII */
  84:../Dave/Generated/DAVE.c **** 	 init_status = (DAVE_STATUS_t)CAN_NODE_Init(&CAN_OBDII); 
  75              	 .loc 1 84 0
  76 003a 1848     	 ldr r0,.L10+12
  77 003c FFF7FEFF 	 bl CAN_NODE_Init
  78 0040 0346     	 mov r3,r0
  79 0042 FB71     	 strb r3,[r7,#7]
  80              	.L4:
  85:../Dave/Generated/DAVE.c ****    } 
  86:../Dave/Generated/DAVE.c ****   if (init_status == DAVE_STATUS_SUCCESS)
  81              	 .loc 1 86 0
  82 0044 FB79     	 ldrb r3,[r7,#7]
  83 0046 002B     	 cmp r3,#0
  84 0048 04D1     	 bne .L5
  87:../Dave/Generated/DAVE.c ****   {
  88:../Dave/Generated/DAVE.c **** 	 /**  Initialization of INTERRUPT APP instance INTERRUPT_CAN_RX */
  89:../Dave/Generated/DAVE.c **** 	 init_status = (DAVE_STATUS_t)INTERRUPT_Init(&INTERRUPT_CAN_RX); 
  85              	 .loc 1 89 0
  86 004a 1548     	 ldr r0,.L10+16
  87 004c FFF7FEFF 	 bl INTERRUPT_Init
  88 0050 0346     	 mov r3,r0
  89 0052 FB71     	 strb r3,[r7,#7]
  90              	.L5:
  90:../Dave/Generated/DAVE.c ****    } 
  91:../Dave/Generated/DAVE.c ****   if (init_status == DAVE_STATUS_SUCCESS)
  91              	 .loc 1 91 0
  92 0054 FB79     	 ldrb r3,[r7,#7]
  93 0056 002B     	 cmp r3,#0
  94 0058 04D1     	 bne .L6
  92:../Dave/Generated/DAVE.c ****   {
  93:../Dave/Generated/DAVE.c **** 	 /**  Initialization of I2C_MASTER APP instance I2C_LCD */
  94:../Dave/Generated/DAVE.c **** 	 init_status = (DAVE_STATUS_t)I2C_MASTER_Init(&I2C_LCD); 
  95              	 .loc 1 94 0
  96 005a 1248     	 ldr r0,.L10+20
  97 005c FFF7FEFF 	 bl I2C_MASTER_Init
  98 0060 0346     	 mov r3,r0
  99 0062 FB71     	 strb r3,[r7,#7]
 100              	.L6:
  95:../Dave/Generated/DAVE.c ****    } 
  96:../Dave/Generated/DAVE.c ****   if (init_status == DAVE_STATUS_SUCCESS)
 101              	 .loc 1 96 0
 102 0064 FB79     	 ldrb r3,[r7,#7]
 103 0066 002B     	 cmp r3,#0
 104 0068 04D1     	 bne .L7
  97:../Dave/Generated/DAVE.c ****   {
  98:../Dave/Generated/DAVE.c **** 	 /**  Initialization of FATFS APP instance FATFS_0 */
  99:../Dave/Generated/DAVE.c **** 	 init_status = (DAVE_STATUS_t)FATFS_Init(&FATFS_0); 
 105              	 .loc 1 99 0
 106 006a 0F48     	 ldr r0,.L10+24
 107 006c FFF7FEFF 	 bl FATFS_Init
 108 0070 0346     	 mov r3,r0
 109 0072 FB71     	 strb r3,[r7,#7]
 110              	.L7:
 100:../Dave/Generated/DAVE.c ****    } 
 101:../Dave/Generated/DAVE.c ****   if (init_status == DAVE_STATUS_SUCCESS)
 111              	 .loc 1 101 0
 112 0074 FB79     	 ldrb r3,[r7,#7]
 113 0076 002B     	 cmp r3,#0
 114 0078 04D1     	 bne .L8
 102:../Dave/Generated/DAVE.c ****   {
 103:../Dave/Generated/DAVE.c **** 	 /**  Initialization of INTERRUPT APP instance INTERRUPT_CAN_RX2 */
 104:../Dave/Generated/DAVE.c **** 	 init_status = (DAVE_STATUS_t)INTERRUPT_Init(&INTERRUPT_CAN_RX2); 
 115              	 .loc 1 104 0
 116 007a 0C48     	 ldr r0,.L10+28
 117 007c FFF7FEFF 	 bl INTERRUPT_Init
 118 0080 0346     	 mov r3,r0
 119 0082 FB71     	 strb r3,[r7,#7]
 120              	.L8:
 105:../Dave/Generated/DAVE.c ****    }  
 106:../Dave/Generated/DAVE.c ****   return init_status;
 121              	 .loc 1 106 0
 122 0084 FB79     	 ldrb r3,[r7,#7]
 107:../Dave/Generated/DAVE.c **** } /**  End of function DAVE_Init */
 123              	 .loc 1 107 0
 124 0086 1846     	 mov r0,r3
 125 0088 0837     	 adds r7,r7,#8
 126              	.LCFI3:
 127              	 .cfi_def_cfa_offset 8
 128 008a BD46     	 mov sp,r7
 129              	.LCFI4:
 130              	 .cfi_def_cfa_register 13
 131              	 
 132 008c 80BD     	 pop {r7,pc}
 133              	.L11:
 134 008e 00BF     	 .align 2
 135              	.L10:
 136 0090 00000000 	 .word CLOCK_XMC4_0
 137 0094 00000000 	 .word INTERRUPT_TIMER
 138 0098 00000000 	 .word TIMER_0
 139 009c 00000000 	 .word CAN_OBDII
 140 00a0 00000000 	 .word INTERRUPT_CAN_RX
 141 00a4 00000000 	 .word I2C_LCD
 142 00a8 00000000 	 .word FATFS_0
 143 00ac 00000000 	 .word INTERRUPT_CAN_RX2
 144              	 .cfi_endproc
 145              	.LFE433:
 147              	 .text
 148              	.Letext0:
 149              	 .file 2 "c:\\dave-ide-4.4.2-64bit\\eclipse\\arm-gcc-49\\arm-none-eabi\\include\\machine\\_default_types.h"
 150              	 .file 3 "c:\\dave-ide-4.4.2-64bit\\eclipse\\arm-gcc-49\\arm-none-eabi\\include\\stdint.h"
 151              	 .file 4 "C:/Users/erhan/Desktop/smartlogger/design/firmware/xmc4500/smart_logger/smart_logger/Libraries/CMSIS/Infineon/XMC4500_series/Include/XMC4500.h"
 152              	 .file 5 "../Dave/Generated/INTERRUPT/interrupt.h"
 153              	 .file 6 "C:/Users/erhan/Desktop/smartlogger/design/firmware/xmc4500/smart_logger/smart_logger/Libraries/XMCLib/inc/xmc4_scu.h"
 154              	 .file 7 "C:/Users/erhan/Desktop/smartlogger/design/firmware/xmc4500/smart_logger/smart_logger/Libraries/XMCLib/inc/xmc_gpio.h"
 155              	 .file 8 "C:/Users/erhan/Desktop/smartlogger/design/firmware/xmc4500/smart_logger/smart_logger/Libraries/XMCLib/inc/xmc4_gpio.h"
 156              	 .file 9 "../Dave/Generated/CLOCK_XMC4/clock_xmc4.h"
 157              	 .file 10 "C:/Users/erhan/Desktop/smartlogger/design/firmware/xmc4500/smart_logger/smart_logger/Libraries/XMCLib/inc/xmc_ccu4.h"
 158              	 .file 11 "../Dave/Generated/GLOBAL_CCU4/global_ccu4.h"
 159              	 .file 12 "../Dave/Generated/TIMER/timer.h"
 160              	 .file 13 "C:/Users/erhan/Desktop/smartlogger/design/firmware/xmc4500/smart_logger/smart_logger/Libraries/XMCLib/inc/xmc_can.h"
 161              	 .file 14 "../Dave/Generated/GLOBAL_CAN/global_can.h"
 162              	 .file 15 "../Dave/Generated/CAN_NODE/can_node.h"
 163              	 .file 16 "C:/Users/erhan/Desktop/smartlogger/design/firmware/xmc4500/smart_logger/smart_logger/Libraries/XMCLib/inc/xmc_usic.h"
 164              	 .file 17 "C:/Users/erhan/Desktop/smartlogger/design/firmware/xmc4500/smart_logger/smart_logger/Libraries/XMCLib/inc/xmc_i2c.h"
 165              	 .file 18 "../Dave/Generated/I2C_MASTER/i2c_master.h"
 166              	 .file 19 "C:/Users/erhan/Desktop/smartlogger/design/firmware/xmc4500/smart_logger/smart_logger/Libraries/XMCLib/inc/xmc_rtc.h"
 167              	 .file 20 "../Dave/Generated/RTC/rtc.h"
 168              	 .file 21 "../Dave/Generated/FATFS/fatfs.h"
 169              	 .file 22 "../Dave/Generated/DAVE.h"
 170              	 .file 23 "C:/Users/erhan/Desktop/smartlogger/design/firmware/xmc4500/smart_logger/smart_logger/Libraries/CMSIS/Include/core_cm4.h"
 171              	 .file 24 "C:/Users/erhan/Desktop/smartlogger/design/firmware/xmc4500/smart_logger/smart_logger/Libraries/CMSIS/Infineon/XMC4500_series/Include/system_XMC4500.h"
 172              	 .file 25 "../Dave/Generated/INTERRUPT/interrupt_extern.h"
 173              	 .file 26 "../Dave/Generated/CLOCK_XMC4/clock_xmc4_extern.h"
 174              	 .file 27 "../Dave/Generated/TIMER/timer_extern.h"
 175              	 .file 28 "../Dave/Generated/CAN_NODE/can_node_extern.h"
 176              	 .file 29 "../Dave/Generated/I2C_MASTER/i2c_master_extern.h"
 177              	 .file 30 "../Dave/Generated/FATFS/fatfs_extern.h"
DEFINED SYMBOLS
                            *ABS*:00000000 DAVE.c
    {standard input}:20     .text.DAVE_Init:00000000 $t
    {standard input}:25     .text.DAVE_Init:00000000 DAVE_Init
    {standard input}:136    .text.DAVE_Init:00000090 $d
                     .debug_frame:00000010 $d

UNDEFINED SYMBOLS
CLOCK_XMC4_Init
INTERRUPT_Init
TIMER_Init
CAN_NODE_Init
I2C_MASTER_Init
FATFS_Init
CLOCK_XMC4_0
INTERRUPT_TIMER
TIMER_0
CAN_OBDII
INTERRUPT_CAN_RX
I2C_LCD
FATFS_0
INTERRUPT_CAN_RX2
