   1              	 .syntax unified
   2              	 .cpu cortex-m4
   3              	 .eabi_attribute 27,3
   4              	 .fpu fpv4-sp-d16
   5              	 .eabi_attribute 20,1
   6              	 .eabi_attribute 21,1
   7              	 .eabi_attribute 23,3
   8              	 .eabi_attribute 24,1
   9              	 .eabi_attribute 25,1
  10              	 .eabi_attribute 26,1
  11              	 .eabi_attribute 30,6
  12              	 .eabi_attribute 34,1
  13              	 .eabi_attribute 18,4
  14              	 .thumb
  15              	 .file "clock_xmc4_conf.c"
  16              	 .text
  17              	.Ltext0:
  18              	 .cfi_sections .debug_frame
  19              	 .global CLOCK_XMC4_0
  20              	 .section .bss.CLOCK_XMC4_0,"aw",%nobits
  21              	 .align 2
  24              	CLOCK_XMC4_0:
  25 0000 00       	 .space 1
  26 0001 000000   	 .section .rodata
  27              	 .align 2
  28              	.LC0:
  29 0000 50       	 .byte 80
  30 0001 02       	 .byte 2
  31 0002 04       	 .byte 4
  32 0003 01       	 .byte 1
  33 0004 0000     	 .short 0
  34 0006 01       	 .byte 1
  35 0007 01       	 .byte 1
  36 0008 00       	 .byte 0
  37 0009 80       	 .byte -128
  38 000a 0000     	 .space 2
  39 000c 00000100 	 .word 65536
  40 0010 01       	 .byte 1
  41 0011 01       	 .byte 1
  42 0012 01       	 .byte 1
  43 0013 01       	 .byte 1
  44              	 .section .text.SystemCoreClockSetup,"ax",%progbits
  45              	 .align 2
  46              	 .global SystemCoreClockSetup
  47              	 .thumb
  48              	 .thumb_func
  50              	SystemCoreClockSetup:
  51              	.LFB179:
  52              	 .file 1 "../Dave/Generated/CLOCK_XMC4/clock_xmc4_conf.c"
   1:../Dave/Generated/CLOCK_XMC4/clock_xmc4_conf.c **** /**************************************************************************************************
   2:../Dave/Generated/CLOCK_XMC4/clock_xmc4_conf.c **** * DAVE APP Name : CLOCK_XMC4       APP Version: 4.0.22
   3:../Dave/Generated/CLOCK_XMC4/clock_xmc4_conf.c **** *
   4:../Dave/Generated/CLOCK_XMC4/clock_xmc4_conf.c **** * NOTE:
   5:../Dave/Generated/CLOCK_XMC4/clock_xmc4_conf.c **** * This file is generated by DAVE. Any manual modification done to this file will be lost when the c
   6:../Dave/Generated/CLOCK_XMC4/clock_xmc4_conf.c **** ***************************************************************************************************
   7:../Dave/Generated/CLOCK_XMC4/clock_xmc4_conf.c **** 
   8:../Dave/Generated/CLOCK_XMC4/clock_xmc4_conf.c **** /**
   9:../Dave/Generated/CLOCK_XMC4/clock_xmc4_conf.c ****  * @cond
  10:../Dave/Generated/CLOCK_XMC4/clock_xmc4_conf.c ****  **************************************************************************************************
  11:../Dave/Generated/CLOCK_XMC4/clock_xmc4_conf.c ****  *
  12:../Dave/Generated/CLOCK_XMC4/clock_xmc4_conf.c ****  * Copyright (c) 2015-2016, Infineon Technologies AG
  13:../Dave/Generated/CLOCK_XMC4/clock_xmc4_conf.c ****  * All rights reserved.
  14:../Dave/Generated/CLOCK_XMC4/clock_xmc4_conf.c ****  *
  15:../Dave/Generated/CLOCK_XMC4/clock_xmc4_conf.c ****  * Redistribution and use in source and binary forms, with or without modification,are permitted pr
  16:../Dave/Generated/CLOCK_XMC4/clock_xmc4_conf.c ****  * following conditions are met:
  17:../Dave/Generated/CLOCK_XMC4/clock_xmc4_conf.c ****  *
  18:../Dave/Generated/CLOCK_XMC4/clock_xmc4_conf.c ****  *   Redistributions of source code must retain the above copyright notice, this list of conditions
  19:../Dave/Generated/CLOCK_XMC4/clock_xmc4_conf.c ****  *   disclaimer.
  20:../Dave/Generated/CLOCK_XMC4/clock_xmc4_conf.c ****  *
  21:../Dave/Generated/CLOCK_XMC4/clock_xmc4_conf.c ****  *   Redistributions in binary form must reproduce the above copyright notice, this list of conditi
  22:../Dave/Generated/CLOCK_XMC4/clock_xmc4_conf.c ****  *   following disclaimer in the documentation and/or other materials provided with the distributio
  23:../Dave/Generated/CLOCK_XMC4/clock_xmc4_conf.c ****  *
  24:../Dave/Generated/CLOCK_XMC4/clock_xmc4_conf.c ****  *   Neither the name of the copyright holders nor the names of its contributors may be used to end
  25:../Dave/Generated/CLOCK_XMC4/clock_xmc4_conf.c ****  *   products derived from this software without specific prior written permission.
  26:../Dave/Generated/CLOCK_XMC4/clock_xmc4_conf.c ****  *
  27:../Dave/Generated/CLOCK_XMC4/clock_xmc4_conf.c ****  * THIS SOFTWARE IS PROVIDED BY THE COPYRIGHT HOLDERS AND CONTRIBUTORS "AS IS" AND ANY EXPRESS OR I
  28:../Dave/Generated/CLOCK_XMC4/clock_xmc4_conf.c ****  * INCLUDING, BUT NOT LIMITED TO, THE IMPLIED WARRANTIES OF MERCHANTABILITY AND FITNESS FOR A PARTI
  29:../Dave/Generated/CLOCK_XMC4/clock_xmc4_conf.c ****  * DISCLAIMED. IN NO EVENT SHALL THE COPYRIGHT HOLDER OR CONTRIBUTORS BE LIABLE  FOR ANY DIRECT, IN
  30:../Dave/Generated/CLOCK_XMC4/clock_xmc4_conf.c ****  * SPECIAL, EXEMPLARY, OR CONSEQUENTIAL DAMAGES (INCLUDING, BUT NOT LIMITED TO, PROCUREMENT OF SUBS
  31:../Dave/Generated/CLOCK_XMC4/clock_xmc4_conf.c ****  * SERVICES; LOSS OF USE, DATA, OR PROFITS; OR BUSINESS INTERRUPTION) HOWEVER CAUSED AND ON ANY THE
  32:../Dave/Generated/CLOCK_XMC4/clock_xmc4_conf.c ****  * WHETHER IN CONTRACT, STRICT LIABILITY,OR TORT (INCLUDING NEGLIGENCE OR OTHERWISE) ARISING IN ANY
  33:../Dave/Generated/CLOCK_XMC4/clock_xmc4_conf.c ****  * USE OF THIS SOFTWARE, EVEN IF ADVISED OF THE POSSIBILITY OF SUCH DAMAGE.
  34:../Dave/Generated/CLOCK_XMC4/clock_xmc4_conf.c ****  *
  35:../Dave/Generated/CLOCK_XMC4/clock_xmc4_conf.c ****  * To improve the quality of the software, users are encouraged to share modifications, enhancement
  36:../Dave/Generated/CLOCK_XMC4/clock_xmc4_conf.c ****  * with Infineon Technologies AG (dave@infineon.com).
  37:../Dave/Generated/CLOCK_XMC4/clock_xmc4_conf.c ****  **************************************************************************************************
  38:../Dave/Generated/CLOCK_XMC4/clock_xmc4_conf.c ****  *
  39:../Dave/Generated/CLOCK_XMC4/clock_xmc4_conf.c ****  * Change History
  40:../Dave/Generated/CLOCK_XMC4/clock_xmc4_conf.c ****  * --------------
  41:../Dave/Generated/CLOCK_XMC4/clock_xmc4_conf.c ****  * 2015-02-16:
  42:../Dave/Generated/CLOCK_XMC4/clock_xmc4_conf.c ****  *     - Initial version for DAVEv4. <BR>
  43:../Dave/Generated/CLOCK_XMC4/clock_xmc4_conf.c ****  * 2015-05-08:
  44:../Dave/Generated/CLOCK_XMC4/clock_xmc4_conf.c ****  *     - No functional change; Updated to adhere latest guidelines <br>
  45:../Dave/Generated/CLOCK_XMC4/clock_xmc4_conf.c ****  * 2015-10-08:
  46:../Dave/Generated/CLOCK_XMC4/clock_xmc4_conf.c ****  *     - Ensured Trap status bit clearing for XMC48 and XMC47 device.<br>
  47:../Dave/Generated/CLOCK_XMC4/clock_xmc4_conf.c ****  *     - USB PLL Configuration made based on user configuration.<br>
  48:../Dave/Generated/CLOCK_XMC4/clock_xmc4_conf.c ****  *     - ECAT Configuration supported for XMC48 device.<br>
  49:../Dave/Generated/CLOCK_XMC4/clock_xmc4_conf.c ****  * 2015-10-20:
  50:../Dave/Generated/CLOCK_XMC4/clock_xmc4_conf.c ****  *     - High Precision Oscillator Settings are enabled only when it is required.<br>
  51:../Dave/Generated/CLOCK_XMC4/clock_xmc4_conf.c ****  * 2015-12-01:
  52:../Dave/Generated/CLOCK_XMC4/clock_xmc4_conf.c ****  *     - Ensured Trap status bit clearing for XMC43 device.<br>
  53:../Dave/Generated/CLOCK_XMC4/clock_xmc4_conf.c ****  * 2015-12-20:
  54:../Dave/Generated/CLOCK_XMC4/clock_xmc4_conf.c ****  *     - Disabled option supported in combo box for High Precision Oscillator Settings.<br>
  55:../Dave/Generated/CLOCK_XMC4/clock_xmc4_conf.c ****  * 2015-12-24:
  56:../Dave/Generated/CLOCK_XMC4/clock_xmc4_conf.c ****  *     - TRAP event settings are moved to SystemCoreClockSetup API from CLOCK_XMC4_Init. <BR>
  57:../Dave/Generated/CLOCK_XMC4/clock_xmc4_conf.c ****  *     - Code size is improved. <BR>
  58:../Dave/Generated/CLOCK_XMC4/clock_xmc4_conf.c ****  *     - OSCHP_GetFrequency API is made to available to user only when high precision oscillator is
  59:../Dave/Generated/CLOCK_XMC4/clock_xmc4_conf.c ****  * 2016-01-08:
  60:../Dave/Generated/CLOCK_XMC4/clock_xmc4_conf.c ****  *     - Removed clear trap status settings at the end of the clock initialization which was redund
  61:../Dave/Generated/CLOCK_XMC4/clock_xmc4_conf.c ****  * 2016-05-25:
  62:../Dave/Generated/CLOCK_XMC4/clock_xmc4_conf.c ****  *     - Ensured main PLL and USBPLL dependencies based on its checkbox enable via CLOCK_XMC4 APP G
  63:../Dave/Generated/CLOCK_XMC4/clock_xmc4_conf.c ****  * 2016-07-08:
  64:../Dave/Generated/CLOCK_XMC4/clock_xmc4_conf.c ****  *     - Fixed incorrect case for an included header.<br>
  65:../Dave/Generated/CLOCK_XMC4/clock_xmc4_conf.c ****  *
  66:../Dave/Generated/CLOCK_XMC4/clock_xmc4_conf.c ****  * @endcond
  67:../Dave/Generated/CLOCK_XMC4/clock_xmc4_conf.c ****  *
  68:../Dave/Generated/CLOCK_XMC4/clock_xmc4_conf.c ****  */
  69:../Dave/Generated/CLOCK_XMC4/clock_xmc4_conf.c **** 
  70:../Dave/Generated/CLOCK_XMC4/clock_xmc4_conf.c **** /**************************************************************************************************
  71:../Dave/Generated/CLOCK_XMC4/clock_xmc4_conf.c ****  * HEADER FILES
  72:../Dave/Generated/CLOCK_XMC4/clock_xmc4_conf.c ****  **************************************************************************************************
  73:../Dave/Generated/CLOCK_XMC4/clock_xmc4_conf.c **** #include "clock_xmc4.h"
  74:../Dave/Generated/CLOCK_XMC4/clock_xmc4_conf.c **** 
  75:../Dave/Generated/CLOCK_XMC4/clock_xmc4_conf.c **** /**************************************************************************************************
  76:../Dave/Generated/CLOCK_XMC4/clock_xmc4_conf.c ****  * DATA STRUCTURES
  77:../Dave/Generated/CLOCK_XMC4/clock_xmc4_conf.c ****  **************************************************************************************************
  78:../Dave/Generated/CLOCK_XMC4/clock_xmc4_conf.c **** CLOCK_XMC4_t CLOCK_XMC4_0 =
  79:../Dave/Generated/CLOCK_XMC4/clock_xmc4_conf.c **** {
  80:../Dave/Generated/CLOCK_XMC4/clock_xmc4_conf.c ****   .init_status = false
  81:../Dave/Generated/CLOCK_XMC4/clock_xmc4_conf.c **** };
  82:../Dave/Generated/CLOCK_XMC4/clock_xmc4_conf.c **** 
  83:../Dave/Generated/CLOCK_XMC4/clock_xmc4_conf.c ****  /*************************************************************************************************
  84:../Dave/Generated/CLOCK_XMC4/clock_xmc4_conf.c ****  * API IMPLEMENTATION
  85:../Dave/Generated/CLOCK_XMC4/clock_xmc4_conf.c ****  **************************************************************************************************
  86:../Dave/Generated/CLOCK_XMC4/clock_xmc4_conf.c **** /**
  87:../Dave/Generated/CLOCK_XMC4/clock_xmc4_conf.c **** * @brief  Function to initialize the Clock Tree based on UI configuration
  88:../Dave/Generated/CLOCK_XMC4/clock_xmc4_conf.c **** * @note   -
  89:../Dave/Generated/CLOCK_XMC4/clock_xmc4_conf.c **** * @param  None
  90:../Dave/Generated/CLOCK_XMC4/clock_xmc4_conf.c **** * @retval None
  91:../Dave/Generated/CLOCK_XMC4/clock_xmc4_conf.c **** */
  92:../Dave/Generated/CLOCK_XMC4/clock_xmc4_conf.c **** void SystemCoreClockSetup(void)
  93:../Dave/Generated/CLOCK_XMC4/clock_xmc4_conf.c **** {
  53              	 .loc 1 93 0
  54              	 .cfi_startproc
  55              	 
  56              	 
  57 0000 B0B5     	 push {r4,r5,r7,lr}
  58              	.LCFI0:
  59              	 .cfi_def_cfa_offset 16
  60              	 .cfi_offset 4,-16
  61              	 .cfi_offset 5,-12
  62              	 .cfi_offset 7,-8
  63              	 .cfi_offset 14,-4
  64 0002 86B0     	 sub sp,sp,#24
  65              	.LCFI1:
  66              	 .cfi_def_cfa_offset 40
  67 0004 00AF     	 add r7,sp,#0
  68              	.LCFI2:
  69              	 .cfi_def_cfa_register 7
  94:../Dave/Generated/CLOCK_XMC4/clock_xmc4_conf.c ****   /* Local data structure for initializing the clock functional block */
  95:../Dave/Generated/CLOCK_XMC4/clock_xmc4_conf.c ****   const XMC_SCU_CLOCK_CONFIG_t CLOCK_XMC4_0_CONFIG =
  70              	 .loc 1 95 0
  71 0006 0D4B     	 ldr r3,.L2
  72 0008 3C1D     	 adds r4,r7,#4
  73 000a 1D46     	 mov r5,r3
  74 000c 0FCD     	 ldmia r5!,{r0,r1,r2,r3}
  75 000e 0FC4     	 stmia r4!,{r0,r1,r2,r3}
  76 0010 2B68     	 ldr r3,[r5]
  77 0012 2360     	 str r3,[r4]
  96:../Dave/Generated/CLOCK_XMC4/clock_xmc4_conf.c ****   {
  97:../Dave/Generated/CLOCK_XMC4/clock_xmc4_conf.c ****     /* N-Divider Value */
  98:../Dave/Generated/CLOCK_XMC4/clock_xmc4_conf.c ****     .syspll_config.n_div = 80U,
  99:../Dave/Generated/CLOCK_XMC4/clock_xmc4_conf.c ****     /* P-Divider Value */
 100:../Dave/Generated/CLOCK_XMC4/clock_xmc4_conf.c ****     .syspll_config.p_div = 2U,
 101:../Dave/Generated/CLOCK_XMC4/clock_xmc4_conf.c ****     /* K2-Divider Value */
 102:../Dave/Generated/CLOCK_XMC4/clock_xmc4_conf.c ****     .syspll_config.k_div = 4U,
 103:../Dave/Generated/CLOCK_XMC4/clock_xmc4_conf.c ****     /* PLL Operating Mode */
 104:../Dave/Generated/CLOCK_XMC4/clock_xmc4_conf.c ****     .syspll_config.mode = XMC_SCU_CLOCK_SYSPLL_MODE_NORMAL,
 105:../Dave/Generated/CLOCK_XMC4/clock_xmc4_conf.c ****     /* PLL Clock Source */
 106:../Dave/Generated/CLOCK_XMC4/clock_xmc4_conf.c ****     .syspll_config.clksrc = XMC_SCU_CLOCK_SYSPLLCLKSRC_OSCHP,
 107:../Dave/Generated/CLOCK_XMC4/clock_xmc4_conf.c ****     /* High Precision Oscillator Operating Mode */
 108:../Dave/Generated/CLOCK_XMC4/clock_xmc4_conf.c ****     .enable_oschp = true,
 109:../Dave/Generated/CLOCK_XMC4/clock_xmc4_conf.c ****     /* Ultra Low Power Oscillator Setting */
 110:../Dave/Generated/CLOCK_XMC4/clock_xmc4_conf.c ****     .enable_osculp = true,
 111:../Dave/Generated/CLOCK_XMC4/clock_xmc4_conf.c ****     /* Calibration Mode */
 112:../Dave/Generated/CLOCK_XMC4/clock_xmc4_conf.c ****     .calibration_mode = XMC_SCU_CLOCK_FOFI_CALIBRATION_MODE_FACTORY,
 113:../Dave/Generated/CLOCK_XMC4/clock_xmc4_conf.c ****     /* Standby Clock Source */
 114:../Dave/Generated/CLOCK_XMC4/clock_xmc4_conf.c ****     .fstdby_clksrc = XMC_SCU_HIB_STDBYCLKSRC_OSCULP,
 115:../Dave/Generated/CLOCK_XMC4/clock_xmc4_conf.c ****     /* System Clock Source */
 116:../Dave/Generated/CLOCK_XMC4/clock_xmc4_conf.c ****     .fsys_clksrc = XMC_SCU_CLOCK_SYSCLKSRC_PLL,
 117:../Dave/Generated/CLOCK_XMC4/clock_xmc4_conf.c ****     /* System Clock Divider Value */
 118:../Dave/Generated/CLOCK_XMC4/clock_xmc4_conf.c ****     .fsys_clkdiv = 1U,
 119:../Dave/Generated/CLOCK_XMC4/clock_xmc4_conf.c ****     /* CPU Clock Divider Value */
 120:../Dave/Generated/CLOCK_XMC4/clock_xmc4_conf.c ****     .fcpu_clkdiv = 1U,
 121:../Dave/Generated/CLOCK_XMC4/clock_xmc4_conf.c **** #ifdef CLOCK_XMC4_CCUCLK_ENABLED  
 122:../Dave/Generated/CLOCK_XMC4/clock_xmc4_conf.c ****     /* CCU Clock Divider Value */
 123:../Dave/Generated/CLOCK_XMC4/clock_xmc4_conf.c ****     .fccu_clkdiv = 1U,
 124:../Dave/Generated/CLOCK_XMC4/clock_xmc4_conf.c **** #endif
 125:../Dave/Generated/CLOCK_XMC4/clock_xmc4_conf.c ****     /* Peripheral Clock Divider Value */
 126:../Dave/Generated/CLOCK_XMC4/clock_xmc4_conf.c ****     .fperipheral_clkdiv = 1U
 127:../Dave/Generated/CLOCK_XMC4/clock_xmc4_conf.c ****   };
 128:../Dave/Generated/CLOCK_XMC4/clock_xmc4_conf.c ****   /* Initialize the SCU clock */
 129:../Dave/Generated/CLOCK_XMC4/clock_xmc4_conf.c ****   XMC_SCU_CLOCK_Init(&CLOCK_XMC4_0_CONFIG);
  78              	 .loc 1 129 0
  79 0014 3B1D     	 adds r3,r7,#4
  80 0016 1846     	 mov r0,r3
  81 0018 FFF7FEFF 	 bl XMC_SCU_CLOCK_Init
 130:../Dave/Generated/CLOCK_XMC4/clock_xmc4_conf.c ****   /* RTC source clock */
 131:../Dave/Generated/CLOCK_XMC4/clock_xmc4_conf.c ****   XMC_SCU_HIB_SetRtcClockSource(XMC_SCU_HIB_RTCCLKSRC_ULP);
  82              	 .loc 1 131 0
  83 001c 4020     	 movs r0,#64
  84 001e FFF7FEFF 	 bl XMC_SCU_HIB_SetRtcClockSource
 132:../Dave/Generated/CLOCK_XMC4/clock_xmc4_conf.c ****   
 133:../Dave/Generated/CLOCK_XMC4/clock_xmc4_conf.c **** #ifdef CLOCK_XMC4_USBCLK_ENABLED  
 134:../Dave/Generated/CLOCK_XMC4/clock_xmc4_conf.c ****   /* USB/SDMMC source clock */
 135:../Dave/Generated/CLOCK_XMC4/clock_xmc4_conf.c ****   XMC_SCU_CLOCK_SetUsbClockSource(XMC_SCU_CLOCK_USBCLKSRC_USBPLL);
  85              	 .loc 1 135 0
  86 0022 0020     	 movs r0,#0
  87 0024 FFF7FEFF 	 bl XMC_SCU_CLOCK_SetUsbClockSource
 136:../Dave/Generated/CLOCK_XMC4/clock_xmc4_conf.c ****   /* USB/SDMMC divider setting */
 137:../Dave/Generated/CLOCK_XMC4/clock_xmc4_conf.c ****   XMC_SCU_CLOCK_SetUsbClockDivider(4U);
  88              	 .loc 1 137 0
  89 0028 0420     	 movs r0,#4
  90 002a FFF7FEFF 	 bl XMC_SCU_CLOCK_SetUsbClockDivider
 138:../Dave/Generated/CLOCK_XMC4/clock_xmc4_conf.c **** #endif
 139:../Dave/Generated/CLOCK_XMC4/clock_xmc4_conf.c ****   /* Start USB PLL */
 140:../Dave/Generated/CLOCK_XMC4/clock_xmc4_conf.c ****   XMC_SCU_CLOCK_StartUsbPll(1U, 32U);
  91              	 .loc 1 140 0
  92 002e 0120     	 movs r0,#1
  93 0030 2021     	 movs r1,#32
  94 0032 FFF7FEFF 	 bl XMC_SCU_CLOCK_StartUsbPll
 141:../Dave/Generated/CLOCK_XMC4/clock_xmc4_conf.c **** 
 142:../Dave/Generated/CLOCK_XMC4/clock_xmc4_conf.c **** #ifdef CLOCK_XMC4_WDTCLK_ENABLED    
 143:../Dave/Generated/CLOCK_XMC4/clock_xmc4_conf.c ****   /* WDT source clock */
 144:../Dave/Generated/CLOCK_XMC4/clock_xmc4_conf.c ****   XMC_SCU_CLOCK_SetWdtClockSource(XMC_SCU_CLOCK_WDTCLKSRC_OFI);
 145:../Dave/Generated/CLOCK_XMC4/clock_xmc4_conf.c ****   /* WDT divider setting */
 146:../Dave/Generated/CLOCK_XMC4/clock_xmc4_conf.c ****   XMC_SCU_CLOCK_SetWdtClockDivider(1U);
 147:../Dave/Generated/CLOCK_XMC4/clock_xmc4_conf.c **** #endif
 148:../Dave/Generated/CLOCK_XMC4/clock_xmc4_conf.c **** 
 149:../Dave/Generated/CLOCK_XMC4/clock_xmc4_conf.c **** #ifdef CLOCK_XMC4_EBUCLK_ENABLED 
 150:../Dave/Generated/CLOCK_XMC4/clock_xmc4_conf.c ****   /* EBU divider setting */
 151:../Dave/Generated/CLOCK_XMC4/clock_xmc4_conf.c ****   XMC_SCU_CLOCK_SetEbuClockDivider(1U);
 152:../Dave/Generated/CLOCK_XMC4/clock_xmc4_conf.c **** #endif
 153:../Dave/Generated/CLOCK_XMC4/clock_xmc4_conf.c **** 
 154:../Dave/Generated/CLOCK_XMC4/clock_xmc4_conf.c **** }
  95              	 .loc 1 154 0
  96 0036 1837     	 adds r7,r7,#24
  97              	.LCFI3:
  98              	 .cfi_def_cfa_offset 16
  99 0038 BD46     	 mov sp,r7
 100              	.LCFI4:
 101              	 .cfi_def_cfa_register 13
 102              	 
 103 003a B0BD     	 pop {r4,r5,r7,pc}
 104              	.L3:
 105              	 .align 2
 106              	.L2:
 107 003c 00000000 	 .word .LC0
 108              	 .cfi_endproc
 109              	.LFE179:
 111              	 .text
 112              	.Letext0:
 113              	 .file 2 "c:\\dave-ide-4.4.2-64bit\\eclipse\\arm-gcc-49\\arm-none-eabi\\include\\machine\\_default_types.h"
 114              	 .file 3 "c:\\dave-ide-4.4.2-64bit\\eclipse\\arm-gcc-49\\arm-none-eabi\\include\\stdint.h"
 115              	 .file 4 "C:/Users/erhan/Desktop/smartlogger/design/firmware/xmc4500/smart_logger/smart_logger/Libraries/XMCLib/inc/xmc4_scu.h"
 116              	 .file 5 "../Dave/Generated/CLOCK_XMC4/clock_xmc4.h"
 117              	 .file 6 "C:/Users/erhan/Desktop/smartlogger/design/firmware/xmc4500/smart_logger/smart_logger/Libraries/CMSIS/Include/core_cm4.h"
 118              	 .file 7 "C:/Users/erhan/Desktop/smartlogger/design/firmware/xmc4500/smart_logger/smart_logger/Libraries/CMSIS/Infineon/XMC4500_series/Include/system_XMC4500.h"
DEFINED SYMBOLS
                            *ABS*:00000000 clock_xmc4_conf.c
    {standard input}:24     .bss.CLOCK_XMC4_0:00000000 CLOCK_XMC4_0
    {standard input}:21     .bss.CLOCK_XMC4_0:00000000 $d
    {standard input}:27     .rodata:00000000 $d
    {standard input}:45     .text.SystemCoreClockSetup:00000000 $t
    {standard input}:50     .text.SystemCoreClockSetup:00000000 SystemCoreClockSetup
    {standard input}:107    .text.SystemCoreClockSetup:0000003c $d
                     .debug_frame:00000010 $d

UNDEFINED SYMBOLS
XMC_SCU_CLOCK_Init
XMC_SCU_HIB_SetRtcClockSource
XMC_SCU_CLOCK_SetUsbClockSource
XMC_SCU_CLOCK_SetUsbClockDivider
XMC_SCU_CLOCK_StartUsbPll
