   1              	 .syntax unified
   2              	 .cpu cortex-m4
   3              	 .eabi_attribute 27,3
   4              	 .fpu fpv4-sp-d16
   5              	 .eabi_attribute 20,1
   6              	 .eabi_attribute 21,1
   7              	 .eabi_attribute 23,3
   8              	 .eabi_attribute 24,1
   9              	 .eabi_attribute 25,1
  10              	 .eabi_attribute 26,1
  11              	 .eabi_attribute 30,6
  12              	 .eabi_attribute 34,1
  13              	 .eabi_attribute 18,4
  14              	 .thumb
  15              	 .file "interrupt_conf.c"
  16              	 .text
  17              	.Ltext0:
  18              	 .cfi_sections .debug_frame
  19              	 .global INTERRUPT_TIMER
  20              	 .section .rodata.INTERRUPT_TIMER,"a",%progbits
  21              	 .align 2
  24              	INTERRUPT_TIMER:
  25 0000 39       	 .byte 57
  26 0001 02       	 .byte 2
  27 0002 00       	 .byte 0
  28 0003 01       	 .byte 1
  29              	 .global INTERRUPT_CAN_RX
  30              	 .section .rodata.INTERRUPT_CAN_RX,"a",%progbits
  31              	 .align 2
  34              	INTERRUPT_CAN_RX:
  35 0000 4C       	 .byte 76
  36 0001 03       	 .byte 3
  37 0002 00       	 .byte 0
  38 0003 01       	 .byte 1
  39              	 .global INTERRUPT_CAN_RX2
  40              	 .section .rodata.INTERRUPT_CAN_RX2,"a",%progbits
  41              	 .align 2
  44              	INTERRUPT_CAN_RX2:
  45 0000 4D       	 .byte 77
  46 0001 05       	 .byte 5
  47 0002 00       	 .byte 0
  48 0003 01       	 .byte 1
  49              	 .text
  50              	.Letext0:
  51              	 .file 1 "c:\\dave-ide-4.4.2-64bit\\eclipse\\arm-gcc-49\\arm-none-eabi\\include\\machine\\_default_types.h"
  52              	 .file 2 "c:\\dave-ide-4.4.2-64bit\\eclipse\\arm-gcc-49\\arm-none-eabi\\include\\stdint.h"
  53              	 .file 3 "C:/Users/erhan/Desktop/smartlogger/design/firmware/xmc4500/smart_logger/smart_logger/Libraries/CMSIS/Infineon/XMC4500_series/Include/XMC4500.h"
  54              	 .file 4 "../Dave/Generated/INTERRUPT/interrupt.h"
  55              	 .file 5 "C:/Users/erhan/Desktop/smartlogger/design/firmware/xmc4500/smart_logger/smart_logger/Libraries/CMSIS/Include/core_cm4.h"
  56              	 .file 6 "../Dave/Generated/INTERRUPT/interrupt_conf.c"
DEFINED SYMBOLS
                            *ABS*:00000000 interrupt_conf.c
    {standard input}:24     .rodata.INTERRUPT_TIMER:00000000 INTERRUPT_TIMER
    {standard input}:21     .rodata.INTERRUPT_TIMER:00000000 $d
    {standard input}:34     .rodata.INTERRUPT_CAN_RX:00000000 INTERRUPT_CAN_RX
    {standard input}:31     .rodata.INTERRUPT_CAN_RX:00000000 $d
    {standard input}:44     .rodata.INTERRUPT_CAN_RX2:00000000 INTERRUPT_CAN_RX2
    {standard input}:41     .rodata.INTERRUPT_CAN_RX2:00000000 $d

NO UNDEFINED SYMBOLS
