   1              	 .syntax unified
   2              	 .cpu cortex-m4
   3              	 .eabi_attribute 27,3
   4              	 .fpu fpv4-sp-d16
   5              	 .eabi_attribute 20,1
   6              	 .eabi_attribute 21,1
   7              	 .eabi_attribute 23,3
   8              	 .eabi_attribute 24,1
   9              	 .eabi_attribute 25,1
  10              	 .eabi_attribute 26,1
  11              	 .eabi_attribute 30,6
  12              	 .eabi_attribute 34,1
  13              	 .eabi_attribute 18,4
  14              	 .thumb
  15              	 .file "xmc_wdt.c"
  16              	 .text
  17              	.Ltext0:
  18              	 .cfi_sections .debug_frame
  19              	 .section .text.XMC_WDT_Enable,"ax",%progbits
  20              	 .align 2
  21              	 .global XMC_WDT_Enable
  22              	 .thumb
  23              	 .thumb_func
  25              	XMC_WDT_Enable:
  26              	.LFB178:
  27              	 .file 1 "../Libraries/XMCLib/src/xmc_wdt.c"
   1:../Libraries/XMCLib/src/xmc_wdt.c **** /**
   2:../Libraries/XMCLib/src/xmc_wdt.c ****  * @file xmc_wdt.c
   3:../Libraries/XMCLib/src/xmc_wdt.c ****  * @date 2015-06-20
   4:../Libraries/XMCLib/src/xmc_wdt.c ****  *
   5:../Libraries/XMCLib/src/xmc_wdt.c ****  * @cond
   6:../Libraries/XMCLib/src/xmc_wdt.c ****  **************************************************************************************************
   7:../Libraries/XMCLib/src/xmc_wdt.c ****  * XMClib v2.1.20 - XMC Peripheral Driver Library
   8:../Libraries/XMCLib/src/xmc_wdt.c ****  *
   9:../Libraries/XMCLib/src/xmc_wdt.c ****  * Copyright (c) 2015-2018, Infineon Technologies AG
  10:../Libraries/XMCLib/src/xmc_wdt.c ****  * All rights reserved.                        
  11:../Libraries/XMCLib/src/xmc_wdt.c ****  *                                             
  12:../Libraries/XMCLib/src/xmc_wdt.c ****  * Redistribution and use in source and binary forms, with or without modification,are permitted pr
  13:../Libraries/XMCLib/src/xmc_wdt.c ****  * following conditions are met:   
  14:../Libraries/XMCLib/src/xmc_wdt.c ****  *                                                                              
  15:../Libraries/XMCLib/src/xmc_wdt.c ****  * Redistributions of source code must retain the above copyright notice, this list of conditions a
  16:../Libraries/XMCLib/src/xmc_wdt.c ****  * disclaimer.                        
  17:../Libraries/XMCLib/src/xmc_wdt.c ****  * 
  18:../Libraries/XMCLib/src/xmc_wdt.c ****  * Redistributions in binary form must reproduce the above copyright notice, this list of condition
  19:../Libraries/XMCLib/src/xmc_wdt.c ****  * disclaimer in the documentation and/or other materials provided with the distribution.          
  20:../Libraries/XMCLib/src/xmc_wdt.c ****  * 
  21:../Libraries/XMCLib/src/xmc_wdt.c ****  * Neither the name of the copyright holders nor the names of its contributors may be used to endor
  22:../Libraries/XMCLib/src/xmc_wdt.c ****  * products derived from this software without specific prior written permission.                  
  23:../Libraries/XMCLib/src/xmc_wdt.c ****  *                                                                              
  24:../Libraries/XMCLib/src/xmc_wdt.c ****  * THIS SOFTWARE IS PROVIDED BY THE COPYRIGHT HOLDERS AND CONTRIBUTORS "AS IS" AND ANY EXPRESS OR I
  25:../Libraries/XMCLib/src/xmc_wdt.c ****  * INCLUDING, BUT NOT LIMITED TO, THE IMPLIED WARRANTIES OF MERCHANTABILITY AND FITNESS FOR A PARTI
  26:../Libraries/XMCLib/src/xmc_wdt.c ****  * DISCLAIMED. IN NO EVENT SHALL THE COPYRIGHT HOLDER OR CONTRIBUTORS BE LIABLE  FOR ANY DIRECT, IN
  27:../Libraries/XMCLib/src/xmc_wdt.c ****  * SPECIAL, EXEMPLARY, OR CONSEQUENTIAL DAMAGES (INCLUDING, BUT NOT LIMITED TO, PROCUREMENT OF SUBS
  28:../Libraries/XMCLib/src/xmc_wdt.c ****  * SERVICES; LOSS OF USE, DATA, OR PROFITS; OR BUSINESS INTERRUPTION) HOWEVER CAUSED AND ON ANY THE
  29:../Libraries/XMCLib/src/xmc_wdt.c ****  * WHETHER IN CONTRACT, STRICT LIABILITY,OR TORT (INCLUDING NEGLIGENCE OR OTHERWISE) ARISING IN ANY
  30:../Libraries/XMCLib/src/xmc_wdt.c ****  * OF THIS SOFTWARE, EVEN IF ADVISED OF THE POSSIBILITY OF SUCH DAMAGE.                            
  31:../Libraries/XMCLib/src/xmc_wdt.c ****  *                                                                              
  32:../Libraries/XMCLib/src/xmc_wdt.c ****  * To improve the quality of the software, users are encouraged to share modifications, enhancement
  33:../Libraries/XMCLib/src/xmc_wdt.c ****  * Infineon Technologies AG dave@infineon.com).                                                    
  34:../Libraries/XMCLib/src/xmc_wdt.c ****  **************************************************************************************************
  35:../Libraries/XMCLib/src/xmc_wdt.c ****  *
  36:../Libraries/XMCLib/src/xmc_wdt.c ****  * Change History
  37:../Libraries/XMCLib/src/xmc_wdt.c ****  * --------------
  38:../Libraries/XMCLib/src/xmc_wdt.c ****  *
  39:../Libraries/XMCLib/src/xmc_wdt.c ****  * 2015-02-20:
  40:../Libraries/XMCLib/src/xmc_wdt.c ****  *     - Initial <br>
  41:../Libraries/XMCLib/src/xmc_wdt.c ****  *
  42:../Libraries/XMCLib/src/xmc_wdt.c ****  * 2015-06-20:
  43:../Libraries/XMCLib/src/xmc_wdt.c ****  *     - Removed definition of GetDriverVersion API <br>
  44:../Libraries/XMCLib/src/xmc_wdt.c ****  *
  45:../Libraries/XMCLib/src/xmc_wdt.c ****  * @endcond
  46:../Libraries/XMCLib/src/xmc_wdt.c ****  */
  47:../Libraries/XMCLib/src/xmc_wdt.c ****  
  48:../Libraries/XMCLib/src/xmc_wdt.c **** /**************************************************************************************************
  49:../Libraries/XMCLib/src/xmc_wdt.c ****  * HEADER FILES
  50:../Libraries/XMCLib/src/xmc_wdt.c ****  **************************************************************************************************
  51:../Libraries/XMCLib/src/xmc_wdt.c **** #include "xmc_wdt.h"
  52:../Libraries/XMCLib/src/xmc_wdt.c **** #include "xmc_scu.h"
  53:../Libraries/XMCLib/src/xmc_wdt.c **** 
  54:../Libraries/XMCLib/src/xmc_wdt.c **** /**************************************************************************************************
  55:../Libraries/XMCLib/src/xmc_wdt.c ****  * API IMPLEMENTATION
  56:../Libraries/XMCLib/src/xmc_wdt.c ****   *************************************************************************************************
  57:../Libraries/XMCLib/src/xmc_wdt.c **** 
  58:../Libraries/XMCLib/src/xmc_wdt.c **** /* Enables watchdog clock and releases watchdog reset. */
  59:../Libraries/XMCLib/src/xmc_wdt.c **** void XMC_WDT_Enable(void)
  60:../Libraries/XMCLib/src/xmc_wdt.c **** {
  28              	 .loc 1 60 0
  29              	 .cfi_startproc
  30              	 
  31              	 
  32 0000 80B5     	 push {r7,lr}
  33              	.LCFI0:
  34              	 .cfi_def_cfa_offset 8
  35              	 .cfi_offset 7,-8
  36              	 .cfi_offset 14,-4
  37 0002 00AF     	 add r7,sp,#0
  38              	.LCFI1:
  39              	 .cfi_def_cfa_register 7
  61:../Libraries/XMCLib/src/xmc_wdt.c **** #if UC_FAMILY == XMC4
  62:../Libraries/XMCLib/src/xmc_wdt.c ****   XMC_SCU_CLOCK_EnableClock(XMC_SCU_CLOCK_WDT);
  40              	 .loc 1 62 0
  41 0004 2020     	 movs r0,#32
  42 0006 FFF7FEFF 	 bl XMC_SCU_CLOCK_EnableClock
  63:../Libraries/XMCLib/src/xmc_wdt.c **** #endif
  64:../Libraries/XMCLib/src/xmc_wdt.c **** 
  65:../Libraries/XMCLib/src/xmc_wdt.c **** #if defined(CLOCK_GATING_SUPPORTED)
  66:../Libraries/XMCLib/src/xmc_wdt.c ****   XMC_SCU_CLOCK_UngatePeripheralClock(XMC_SCU_PERIPHERAL_CLOCK_WDT);
  67:../Libraries/XMCLib/src/xmc_wdt.c **** #endif
  68:../Libraries/XMCLib/src/xmc_wdt.c **** #if defined(PERIPHERAL_RESET_SUPPORTED)
  69:../Libraries/XMCLib/src/xmc_wdt.c ****   XMC_SCU_RESET_DeassertPeripheralReset(XMC_SCU_PERIPHERAL_RESET_WDT);
  43              	 .loc 1 69 0
  44 000a 0248     	 ldr r0,.L2
  45 000c FFF7FEFF 	 bl XMC_SCU_RESET_DeassertPeripheralReset
  70:../Libraries/XMCLib/src/xmc_wdt.c **** #endif  
  71:../Libraries/XMCLib/src/xmc_wdt.c **** }
  46              	 .loc 1 71 0
  47 0010 80BD     	 pop {r7,pc}
  48              	.L3:
  49 0012 00BF     	 .align 2
  50              	.L2:
  51 0014 02000020 	 .word 536870914
  52              	 .cfi_endproc
  53              	.LFE178:
  55              	 .section .text.XMC_WDT_Disable,"ax",%progbits
  56              	 .align 2
  57              	 .global XMC_WDT_Disable
  58              	 .thumb
  59              	 .thumb_func
  61              	XMC_WDT_Disable:
  62              	.LFB179:
  72:../Libraries/XMCLib/src/xmc_wdt.c **** 
  73:../Libraries/XMCLib/src/xmc_wdt.c **** /* Disables watchdog clock and resets watchdog. */
  74:../Libraries/XMCLib/src/xmc_wdt.c **** void XMC_WDT_Disable(void)
  75:../Libraries/XMCLib/src/xmc_wdt.c **** {
  63              	 .loc 1 75 0
  64              	 .cfi_startproc
  65              	 
  66              	 
  67 0000 80B5     	 push {r7,lr}
  68              	.LCFI2:
  69              	 .cfi_def_cfa_offset 8
  70              	 .cfi_offset 7,-8
  71              	 .cfi_offset 14,-4
  72 0002 00AF     	 add r7,sp,#0
  73              	.LCFI3:
  74              	 .cfi_def_cfa_register 7
  76:../Libraries/XMCLib/src/xmc_wdt.c **** #if defined(PERIPHERAL_RESET_SUPPORTED)
  77:../Libraries/XMCLib/src/xmc_wdt.c ****   XMC_SCU_RESET_AssertPeripheralReset(XMC_SCU_PERIPHERAL_RESET_WDT);
  75              	 .loc 1 77 0
  76 0004 0348     	 ldr r0,.L5
  77 0006 FFF7FEFF 	 bl XMC_SCU_RESET_AssertPeripheralReset
  78:../Libraries/XMCLib/src/xmc_wdt.c **** #endif  
  79:../Libraries/XMCLib/src/xmc_wdt.c **** #if defined(CLOCK_GATING_SUPPORTED)
  80:../Libraries/XMCLib/src/xmc_wdt.c ****   XMC_SCU_CLOCK_GatePeripheralClock(XMC_SCU_PERIPHERAL_CLOCK_WDT); 
  81:../Libraries/XMCLib/src/xmc_wdt.c **** #endif
  82:../Libraries/XMCLib/src/xmc_wdt.c **** 
  83:../Libraries/XMCLib/src/xmc_wdt.c **** #if UC_FAMILY == XMC4
  84:../Libraries/XMCLib/src/xmc_wdt.c ****   XMC_SCU_CLOCK_DisableClock(XMC_SCU_CLOCK_WDT);
  78              	 .loc 1 84 0
  79 000a 2020     	 movs r0,#32
  80 000c FFF7FEFF 	 bl XMC_SCU_CLOCK_DisableClock
  85:../Libraries/XMCLib/src/xmc_wdt.c **** #endif
  86:../Libraries/XMCLib/src/xmc_wdt.c **** }
  81              	 .loc 1 86 0
  82 0010 80BD     	 pop {r7,pc}
  83              	.L6:
  84 0012 00BF     	 .align 2
  85              	.L5:
  86 0014 02000020 	 .word 536870914
  87              	 .cfi_endproc
  88              	.LFE179:
  90              	 .section .text.XMC_WDT_Init,"ax",%progbits
  91              	 .align 2
  92              	 .global XMC_WDT_Init
  93              	 .thumb
  94              	 .thumb_func
  96              	XMC_WDT_Init:
  97              	.LFB180:
  87:../Libraries/XMCLib/src/xmc_wdt.c **** /* Initializes and configures watchdog with configuration data pointed by \a config. */
  88:../Libraries/XMCLib/src/xmc_wdt.c **** void XMC_WDT_Init(const XMC_WDT_CONFIG_t *const config)
  89:../Libraries/XMCLib/src/xmc_wdt.c **** {
  98              	 .loc 1 89 0
  99              	 .cfi_startproc
 100              	 
 101              	 
 102 0000 80B5     	 push {r7,lr}
 103              	.LCFI4:
 104              	 .cfi_def_cfa_offset 8
 105              	 .cfi_offset 7,-8
 106              	 .cfi_offset 14,-4
 107 0002 82B0     	 sub sp,sp,#8
 108              	.LCFI5:
 109              	 .cfi_def_cfa_offset 16
 110 0004 00AF     	 add r7,sp,#0
 111              	.LCFI6:
 112              	 .cfi_def_cfa_register 7
 113 0006 7860     	 str r0,[r7,#4]
  90:../Libraries/XMCLib/src/xmc_wdt.c ****   XMC_WDT_Enable();
 114              	 .loc 1 90 0
 115 0008 FFF7FEFF 	 bl XMC_WDT_Enable
  91:../Libraries/XMCLib/src/xmc_wdt.c ****   WDT->CTR = config->wdt_ctr;
 116              	 .loc 1 91 0
 117 000c 074A     	 ldr r2,.L8
 118 000e 7B68     	 ldr r3,[r7,#4]
 119 0010 9B68     	 ldr r3,[r3,#8]
 120 0012 5360     	 str r3,[r2,#4]
  92:../Libraries/XMCLib/src/xmc_wdt.c ****   WDT->WLB = config->window_lower_bound;
 121              	 .loc 1 92 0
 122 0014 054A     	 ldr r2,.L8
 123 0016 7B68     	 ldr r3,[r7,#4]
 124 0018 5B68     	 ldr r3,[r3,#4]
 125 001a 1361     	 str r3,[r2,#16]
  93:../Libraries/XMCLib/src/xmc_wdt.c ****   WDT->WUB = config->window_upper_bound;
 126              	 .loc 1 93 0
 127 001c 034A     	 ldr r2,.L8
 128 001e 7B68     	 ldr r3,[r7,#4]
 129 0020 1B68     	 ldr r3,[r3]
 130 0022 5361     	 str r3,[r2,#20]
  94:../Libraries/XMCLib/src/xmc_wdt.c **** }
 131              	 .loc 1 94 0
 132 0024 0837     	 adds r7,r7,#8
 133              	.LCFI7:
 134              	 .cfi_def_cfa_offset 8
 135 0026 BD46     	 mov sp,r7
 136              	.LCFI8:
 137              	 .cfi_def_cfa_register 13
 138              	 
 139 0028 80BD     	 pop {r7,pc}
 140              	.L9:
 141 002a 00BF     	 .align 2
 142              	.L8:
 143 002c 00800050 	 .word 1342210048
 144              	 .cfi_endproc
 145              	.LFE180:
 147              	 .text
 148              	.Letext0:
 149              	 .file 2 "c:\\dave-ide-4.4.2-64bit\\eclipse\\arm-gcc-49\\arm-none-eabi\\include\\machine\\_default_types.h"
 150              	 .file 3 "c:\\dave-ide-4.4.2-64bit\\eclipse\\arm-gcc-49\\arm-none-eabi\\include\\stdint.h"
 151              	 .file 4 "C:/Users/emob/Desktop/smartlogger/design/firmware/xmc4500/smart_logger/smart_logger/Libraries/CMSIS/Infineon/XMC4500_series/Include/XMC4500.h"
 152              	 .file 5 "C:/Users/emob/Desktop/smartlogger/design/firmware/xmc4500/smart_logger/smart_logger/Libraries/XMCLib/inc/xmc4_scu.h"
 153              	 .file 6 "C:/Users/emob/Desktop/smartlogger/design/firmware/xmc4500/smart_logger/smart_logger/Libraries/XMCLib/inc/xmc_wdt.h"
 154              	 .file 7 "C:/Users/emob/Desktop/smartlogger/design/firmware/xmc4500/smart_logger/smart_logger/Libraries/CMSIS/Include/core_cm4.h"
 155              	 .file 8 "C:/Users/emob/Desktop/smartlogger/design/firmware/xmc4500/smart_logger/smart_logger/Libraries/CMSIS/Infineon/XMC4500_series/Include/system_XMC4500.h"
DEFINED SYMBOLS
                            *ABS*:00000000 xmc_wdt.c
    {standard input}:20     .text.XMC_WDT_Enable:00000000 $t
    {standard input}:25     .text.XMC_WDT_Enable:00000000 XMC_WDT_Enable
    {standard input}:51     .text.XMC_WDT_Enable:00000014 $d
    {standard input}:56     .text.XMC_WDT_Disable:00000000 $t
    {standard input}:61     .text.XMC_WDT_Disable:00000000 XMC_WDT_Disable
    {standard input}:86     .text.XMC_WDT_Disable:00000014 $d
    {standard input}:91     .text.XMC_WDT_Init:00000000 $t
    {standard input}:96     .text.XMC_WDT_Init:00000000 XMC_WDT_Init
    {standard input}:143    .text.XMC_WDT_Init:0000002c $d
                     .debug_frame:00000010 $d

UNDEFINED SYMBOLS
XMC_SCU_CLOCK_EnableClock
XMC_SCU_RESET_DeassertPeripheralReset
XMC_SCU_RESET_AssertPeripheralReset
XMC_SCU_CLOCK_DisableClock
